<?xml version="1.0" encoding="UTF-8"?>
<!-- Generated by org.testng.reporters.JUnitXMLReporter -->
<testsuite ignored="2" hostname="IN-PG02LY71" failures="1" tests="4" name="Testex" time="0.748" errors="0" timestamp="2022-10-31T11:54:45 IST">
  <testcase classname="Tests.BaseClass" name="@BeforeMethod setup" time="0.002">
    <failure type="java.lang.NullPointerException" message="Cannot invoke &amp;quot;com.relevantcodes.extentreports.ExtentReports.startTest(String)&amp;quot; because &amp;quot;this.report&amp;quot; is null">
      <![CDATA[java.lang.NullPointerException: Cannot invoke "com.relevantcodes.extentreports.ExtentReports.startTest(String)" because "this.report" is null
at Tests.BaseClass.setup(BaseClass.java:67)
at java.base/java.util.ArrayList.forEach(ArrayList.java:1511)
... Removed 31 stack frames]]>
    </failure>
  </testcase> <!-- @BeforeMethod setup -->
  <testcase classname="Tests.BaseClass" name="@AfterMethod TearDown" time="0.0">
    <skipped/>
  </testcase> <!-- @AfterMethod TearDown -->
  <testcase classname="Tests.BaseClass" name="@BeforeMethod setup" time="0.0">
    <skipped/>
  </testcase> <!-- @BeforeMethod setup -->
  <testcase classname="Tests.BaseClass" name="@AfterMethod TearDown" time="0.0">
    <skipped/>
  </testcase> <!-- @AfterMethod TearDown -->
  <testcase classname="Tests.BaseClass" name="@BeforeMethod setup" time="0.0">
    <skipped/>
  </testcase> <!-- @BeforeMethod setup -->
  <testcase classname="Tests.BaseClass" name="@AfterMethod TearDown" time="0.0">
    <skipped/>
  </testcase> <!-- @AfterMethod TearDown -->
  <testcase classname="Tests.BaseClass" name="@AfterTest closetest" time="0.0">
    <skipped/>
  </testcase> <!-- @AfterTest closetest -->
  <testcase classname="Tests.LoginTest" name="datadriven" time="0.0">
    <skipped/>
  </testcase> <!-- datadriven -->
  <testcase classname="Tests.LoginTest" name="loginpositive" time="0.0">
    <skipped/>
  </testcase> <!-- loginpositive -->
  <testcase classname="Tests.LoginTest" name="negativetest" time="0.0">
    <skipped/>
  </testcase> <!-- negativetest -->
  <testcase classname="Tests.LoginTest" name="parameter" time="0.0">
    <failure type="org.testng.TestNGException" message="
Parameter &amp;apos;username&amp;apos; is required by @Test on method parameter but has not been marked @Optional or defined
in C:\Users\vsowmyasri\eclipse-workspace\Maven_Practisenew\testng.xml">
      <![CDATA[org.testng.TestNGException: 
Parameter 'username' is required by @Test on method parameter but has not been marked @Optional or defined
in C:\Users\vsowmyasri\eclipse-workspace\Maven_Practisenew\testng.xml
at java.base/java.util.ArrayList.forEach(ArrayList.java:1511)
... Removed 26 stack frames]]>
    </failure>
  </testcase> <!-- parameter -->
  <testcase classname="Tests.BaseClass" name="@BeforeTest testb" time="0.0">
    <ignored/>
  </testcase> <!-- @BeforeTest testb -->
  <testcase classname="Tests.BaseClass" name="@AfterTest closetest" time="0.0">
    <ignored/>
  </testcase> <!-- @AfterTest closetest -->
</testsuite> <!-- Testex -->
